00:00:00.005034 main     VirtualBox COM Server 7.0.10 r158379 win.amd64 (Jul 12 2023 18:34:34) release log
00:00:00.005046 main     Log opened 2023-09-06T05:26:35.369985700Z
00:00:00.005047 main     Build Type: release
00:00:00.005053 main     OS Product: Windows 11
00:00:00.005054 main     OS Release: 10.0.22621
00:00:00.005056 main     OS Service Pack: 
00:00:00.054168 main     DMI Product Name: HP Pavilion x360 Convertible 14-dy0xxx
00:00:00.082212 main     DMI Product Version: Type1ProductConfigId
00:00:00.082250 main     Firmware type: UEFI
00:00:00.083002 main     Secure Boot: VERR_PRIVILEGE_NOT_HELD
00:00:00.083626 main     Host RAM: 7959MB (7.7GB) total, 2718MB (2.6GB) available
00:00:00.083637 main     Executable: C:\Program Files\Oracle\VirtualBox\VBoxSVC.exe
00:00:00.083638 main     Process ID: 20508
00:00:00.083639 main     Package type: WINDOWS_64BITS_GENERIC
00:00:00.212088          VirtualBox: object creation starts
00:00:00.212643          Home directory: 'C:\Users\91941\.VirtualBox'
00:00:00.212873          Installed Drivers:
00:00:00.228299            C:\windows\system32\DRIVERS\VBoxSup.sys (Version: 7.0.10.8379)
00:00:00.230121            C:\windows\system32\DRIVERS\VBoxUSBMon.sys (Version: 7.0.10.8379)
00:00:00.231673            C:\windows\system32\DRIVERS\VBoxNetAdp6.sys (Version: 7.0.10.8379)
00:00:00.233224            C:\windows\system32\DRIVERS\VBoxNetLwf.sys (Version: 7.0.10.8379)
00:00:00.255475          Loading settings file "C:\Users\91941\.VirtualBox\VirtualBox.xml" with version "1.12-windows"
00:00:00.259146          usbLibGetDevices: Starting USB device enumeration
00:00:00.292314          Getting USB descriptor (id 0) failed (dwErr=31) on hub USB#ROOT_HUB30#4&ef4f57b&0&0#{f18a0e88-c30c-11d0-8815-00a0c906bed8} port 4
00:00:00.292455          Getting USB descriptor (id 0) failed (dwErr=31) on hub USB#ROOT_HUB30#4&ef4f57b&0&0#{f18a0e88-c30c-11d0-8815-00a0c906bed8} port 5
00:00:00.292568          Getting USB descriptor (id 0) failed (dwErr=31) on hub USB#ROOT_HUB30#4&ef4f57b&0&0#{f18a0e88-c30c-11d0-8815-00a0c906bed8} port 10
00:00:00.297802          usbLibGetDevices: Found 3 USB devices, 0 captured
00:00:00.297887          USB: Unknown USB device detected (idVendor: 0x0408, idProduct: 0x5423)
00:00:00.298013          USB: Unknown USB device detected (idVendor: 0x04f3, idProduct: 0x0c00)
00:00:00.298055          USB: Unknown USB device detected (idVendor: 0x8087, idProduct: 0x0026)
00:00:00.371946          HostDnsMonitor: initializing
00:00:00.379917          HostDnsMonitor: updating information
00:00:00.379953          HostDnsMonitor: old information
00:00:00.379953            no server entries
00:00:00.379954            no domain set
00:00:00.379954            no search string entries
00:00:00.379955          HostDnsMonitor: new information
00:00:00.379955            server 1: 192.168.101.47
00:00:00.379956            no domain set
00:00:00.379956            no search string entries
00:00:00.441327          VD: VDInit finished with VINF_SUCCESS
00:00:00.453654          Loading settings file "C:\Users\Kunal\VirtualBox VMs\ubuntu\ubuntu.vbox" with version "1.19-windows"
00:00:00.454826          VirtualBox: object created
00:00:00.537703          Saving settings file "C:\Users\91941\.VirtualBox\VirtualBox.xml" with version "1.12-windows"
00:00:00.541125          Finished saving settings file "C:\Users\91941\.VirtualBox\VirtualBox.xml"
00:00:00.541388          Saving settings file "C:\Users\91941\.VirtualBox\VirtualBox.xml" with version "1.12-windows"
00:00:00.543748          Finished saving settings file "C:\Users\91941\.VirtualBox\VirtualBox.xml"
00:00:00.544118          Saving settings file "C:\Users\91941\.VirtualBox\VirtualBox.xml" with version "1.12-windows"
00:00:00.546796          Finished saving settings file "C:\Users\91941\.VirtualBox\VirtualBox.xml"
00:00:02.291600          ERROR [COM]: aRC=VBOX_E_INVALID_VM_STATE (0x80bb0002) aIID={300763af-5d6b-46e6-aa96-273eac15538a} aComponent={MachineWrap} aText={The machine is not mutable (state is PoweredOff)}, preserve=false aResultDetail=0
00:00:02.562258          Saving settings file "C:\Users\91941\.VirtualBox\VirtualBox.xml" with version "1.12-windows"
00:00:02.567637          Finished saving settings file "C:\Users\91941\.VirtualBox\VirtualBox.xml"
00:00:35.195046          Saving settings file "C:\Users\91941\.VirtualBox\VirtualBox.xml" with version "1.12-windows"
00:00:35.201458          Finished saving settings file "C:\Users\91941\.VirtualBox\VirtualBox.xml"
00:00:35.263942          ERROR [COM]: aRC=VBOX_E_INVALID_VM_STATE (0x80bb0002) aIID={300763af-5d6b-46e6-aa96-273eac15538a} aComponent={MachineWrap} aText={The machine is not mutable (state is PoweredOff)}, preserve=false aResultDetail=0
00:00:37.423871          Saving settings file "C:\Users\91941\.VirtualBox\VirtualBox.xml" with version "1.12-windows"
00:00:37.430843          Finished saving settings file "C:\Users\91941\.VirtualBox\VirtualBox.xml"
00:00:37.462017          ERROR [COM]: aRC=VBOX_E_INVALID_VM_STATE (0x80bb0002) aIID={300763af-5d6b-46e6-aa96-273eac15538a} aComponent={MachineWrap} aText={The machine is not mutable (state is PoweredOff)}, preserve=false aResultDetail=0
00:01:01.204718 main     VirtualBox: object deletion starts
00:01:01.204782 main     ERROR [COM]: aRC=VBOX_E_OBJECT_IN_USE (0x80bb000c) aIID={ad47ad09-787b-44ab-b343-a082a3f2dfb1} aComponent={MediumWrap} aText={Medium 'C:\Users\Kunal\VirtualBox VMs\ubuntu\ubuntu.vdi' cannot be closed because it is still attached to 1 virtual machines}, preserve=false aResultDetail=0
00:01:01.211145 main     HostDnsMonitor: shutting down ...
00:01:01.211424 main     HostDnsMonitor: shut down
00:01:01.213048 Watcher  ERROR [COM]: aRC=E_ACCESSDENIED (0x80070005) aIID={7682d5eb-f00e-44f1-8ca2-99d08b1cd607} aComponent={VirtualBoxWrap} aText={The object is not ready}, preserve=false aResultDetail=0
00:01:01.213323 main     VirtualBox: object deleted
